<?xml version="1.0" encoding="UTF-8"?>
<testng-results skipped="0" failed="0" ignored="0" total="2" passed="2">
  <reporter-output>
  </reporter-output>
  <suite name="Command line suite" duration-ms="6866" started-at="2020-01-21T22:20:14 IST" finished-at="2020-01-21T22:20:20 IST">
    <groups>
    </groups>
    <test name="Command line test" duration-ms="6866" started-at="2020-01-21T22:20:14 IST" finished-at="2020-01-21T22:20:20 IST">
      <class name="restAssured.PractiseSecondTest">
        <test-method status="PASS" signature="dummyExam()[pri:0, instance:restAssured.PractiseSecondTest@5c3bd550]" name="dummyExam" duration-ms="2570" started-at="2020-01-21T22:20:18 IST" finished-at="2020-01-21T22:20:20 IST">
          <reporter-output>
          </reporter-output>
        </test-method> <!-- dummyExam -->
      </class> <!-- restAssured.PractiseSecondTest -->
      <class name="restAssured.PractiseFirstTest">
        <test-method status="PASS" signature="googlePlaceSearch()[pri:0, instance:restAssured.PractiseFirstTest@5e3a8624]" name="googlePlaceSearch" duration-ms="4215" started-at="2020-01-21T22:20:14 IST" finished-at="2020-01-21T22:20:18 IST">
          <reporter-output>
          </reporter-output>
        </test-method> <!-- googlePlaceSearch -->
      </class> <!-- restAssured.PractiseFirstTest -->
    </test> <!-- Command line test -->
  </suite> <!-- Command line suite -->
</testng-results>
